2016-08-15 12:36:23 INFO  Controller:62 - There was a class commands.CommandLogin instance returned
2016-08-15 12:36:24 INFO  CommandLogin:28 - The user Viacheslav has been successfully authorized
2016-08-15 12:36:24 INFO  Controller:75 - Redirected to /client.jsp
2016-08-15 12:38:50 INFO  Controller:62 - There was a class commands.CommandLogOut instance returned
2016-08-15 12:38:50 INFO  CommandLogOut:25 - Viacheslav`s session was interrupted
2016-08-15 12:38:50 INFO  Controller:79 - Forwarded to /login.jsp
2016-08-15 12:38:56 INFO  Controller:62 - There was a class commands.CommandLogin instance returned
2016-08-15 12:38:56 INFO  CommandLogin:28 - The user Viacheslav has been successfully authorized
2016-08-15 12:38:56 INFO  Controller:75 - Redirected to /client.jsp
2016-08-15 12:43:46 INFO  Controller:62 - There was a class commands.CommandLogOut instance returned
2016-08-15 12:43:46 INFO  CommandLogOut:25 - Viacheslav`s session was interrupted
2016-08-15 12:43:46 INFO  Controller:79 - Forwarded to /login.jsp
2016-08-15 12:43:50 INFO  Controller:62 - There was a class commands.CommandToRegistration instance returned
2016-08-15 12:43:50 INFO  Controller:75 - Redirected to /registration.jsp
2016-08-15 13:08:52 INFO  Controller:62 - There was a class commands.CommandToRegistration instance returned
2016-08-15 13:08:52 INFO  Controller:75 - Redirected to /registration.jsp
2016-08-15 13:09:14 INFO  Controller:62 - There was a class commands.CommandRegistration instance returned
2016-08-15 13:09:15 INFO  CommandRegistration:33 - User root was successfully added
2016-08-15 13:09:15 INFO  Controller:75 - Redirected to /client.jsp
2016-08-15 13:09:29 INFO  Controller:62 - There was a class commands.CommandLogOut instance returned
2016-08-15 13:09:29 INFO  CommandLogOut:25 - root`s session was interrupted
2016-08-15 13:09:29 INFO  Controller:79 - Forwarded to /login.jsp
2016-08-15 13:09:45 INFO  Controller:62 - There was a class commands.CommandLogin instance returned
2016-08-15 13:09:45 INFO  CommandLogin:28 - The user Victoria has been successfully authorized
2016-08-15 13:09:45 INFO  Controller:75 - Redirected to /admin.jsp
2016-08-15 13:10:08 INFO  Controller:62 - There was a class commands.CommandAddRace instance returned
2016-08-15 13:10:14 INFO  Mailer:59 - The message was successfully sent to [slava_rur@mail.ru]
2016-08-15 13:10:14 INFO  CommandAddRace:33 - The race was added successfully
2016-08-15 13:10:14 INFO  Controller:75 - Redirected to /admin.jsp
2016-08-15 13:31:27 INFO  Controller:62 - There was a class commands.CommandLogin instance returned
2016-08-15 13:31:27 INFO  CommandLogin:28 - The user Viacheslav has been successfully authorized
2016-08-15 13:43:18 INFO  Controller:62 - There was a class commands.CommandLogin instance returned
2016-08-15 13:43:19 INFO  CommandLogin:28 - The user Viacheslav has been successfully authorized
2016-08-15 13:43:19 INFO  Controller:75 - Redirected to /client.jsp
2016-08-15 13:43:27 INFO  Controller:62 - There was a class commands.CommandLogOut instance returned
2016-08-15 13:43:27 INFO  CommandLogOut:25 - Viacheslav`s session was interrupted
2016-08-15 13:43:27 INFO  Controller:79 - Forwarded to /login.jsp
2016-08-15 13:43:37 INFO  Controller:62 - There was a class commands.CommandLogin instance returned
2016-08-15 13:43:37 INFO  CommandLogin:28 - The user Victoria has been successfully authorized
2016-08-15 13:43:38 INFO  Controller:75 - Redirected to /admin.jsp
2016-08-15 13:43:46 INFO  Controller:62 - There was a class commands.CommandAddRace instance returned
2016-08-15 13:43:46 INFO  Controller:75 - Redirected to /admin.jsp
2016-08-15 13:43:59 INFO  Controller:62 - There was a class commands.CommandSetWinner instance returned
2016-08-15 13:43:59 INFO  Controller:75 - Redirected to /admin.jsp
2016-08-15 13:52:02 INFO  Controller:62 - There was a class commands.CommandLogOut instance returned
2016-08-15 13:52:02 INFO  CommandLogOut:25 - Victoria`s session was interrupted
2016-08-15 13:52:02 INFO  Controller:79 - Forwarded to /login.jsp
2016-08-15 14:01:53 INFO  Controller:62 - There was a class commands.CommandLogin instance returned
2016-08-15 14:01:53 INFO  CommandLogin:28 - The user Viacheslav has been successfully authorized
2016-08-15 14:01:54 INFO  Controller:75 - Redirected to /client.jsp
2016-08-15 14:01:57 INFO  Controller:62 - There was a class commands.CommandLogOut instance returned
2016-08-15 14:01:57 INFO  CommandLogOut:25 - Viacheslav`s session was interrupted
2016-08-15 14:01:57 INFO  Controller:79 - Forwarded to /login.jsp
2016-08-15 22:31:03 INFO  Controller:62 - There was a class commands.CommandLogin instance returned
2016-08-15 22:31:05 INFO  Controller:79 - Forwarded to /error.jsp
2016-08-15 22:31:12 INFO  Controller:62 - There was a class commands.CommandLogin instance returned
2016-08-15 22:31:12 INFO  CommandLogin:28 - The user Viacheslav has been successfully authorized
2016-08-15 22:31:12 INFO  Controller:75 - Redirected to /client.jsp
2016-08-15 22:31:32 INFO  Controller:62 - There was a class commands.CommandLogOut instance returned
2016-08-15 22:31:32 INFO  CommandLogOut:25 - Viacheslav`s session was interrupted
2016-08-15 22:31:32 INFO  Controller:79 - Forwarded to /login.jsp
2016-08-15 22:34:26 INFO  Controller:62 - There was a class commands.CommandLogin instance returned
2016-08-15 22:34:27 INFO  Controller:79 - Forwarded to /jsp/error.jsp
2016-08-15 22:35:29 INFO  Controller:62 - There was a class commands.CommandToRegistration instance returned
2016-08-15 22:35:29 INFO  Controller:75 - Redirected to /jsp/registration.jsp
2016-08-15 22:35:36 INFO  Controller:62 - There was a class commands.CommandLogin instance returned
2016-08-15 22:35:37 INFO  Controller:75 - Redirected to /jsp/error.jsp
2016-08-15 22:35:45 INFO  Controller:62 - There was a class commands.CommandLogin instance returned
2016-08-15 22:35:45 INFO  Controller:75 - Redirected to /jsp/error.jsp
2016-08-15 22:36:46 INFO  Controller:62 - There was a class commands.CommandLogin instance returned
2016-08-15 22:36:47 INFO  CommandLogin:28 - The user Viacheslav has been successfully authorized
2016-08-15 22:36:47 INFO  Controller:75 - Redirected to /jsp/client.jsp
2016-08-15 22:38:37 INFO  Controller:62 - There was a class commands.CommandLogin instance returned
2016-08-15 22:38:38 INFO  Controller:79 - Forwarded to /jsp/error.jsp
2016-08-15 22:38:44 INFO  Controller:62 - There was a class commands.CommandLogin instance returned
2016-08-15 22:38:44 INFO  CommandLogin:28 - The user Viacheslav has been successfully authorized
2016-08-15 22:38:44 INFO  Controller:75 - Redirected to /jsp/client.jsp
2016-08-15 23:00:49 INFO  Controller:62 - There was a class commands.CommandLogin instance returned
2016-08-15 23:00:49 INFO  CommandLogin:28 - The user Viacheslav has been successfully authorized
2016-08-15 23:00:49 INFO  Controller:75 - Redirected to /jsp/client.jsp
2016-08-15 23:04:06 INFO  Controller:62 - There was a class commands.CommandLogin instance returned
2016-08-15 23:04:06 INFO  CommandLogin:28 - The user Victoria has been successfully authorized
2016-08-15 23:04:06 INFO  Controller:75 - Redirected to /jsp/admin.jsp
2016-08-15 23:06:26 INFO  Controller:62 - There was a class commands.CommandLogin instance returned
2016-08-15 23:06:27 INFO  CommandLogin:28 - The user Viacheslav has been successfully authorized
2016-08-15 23:06:27 INFO  Controller:75 - Redirected to /client.jsp
2016-08-15 23:06:30 INFO  Controller:62 - There was a class commands.CommandLogOut instance returned
2016-08-15 23:06:30 INFO  CommandLogOut:25 - Viacheslav`s session was interrupted
2016-08-15 23:06:30 INFO  Controller:79 - Forwarded to /login.jsp
2016-08-15 23:06:35 INFO  Controller:62 - There was a class commands.CommandLogin instance returned
2016-08-15 23:06:35 INFO  CommandLogin:28 - The user Viacheslav has been successfully authorized
2016-08-15 23:06:35 INFO  Controller:75 - Redirected to /client.jsp
2016-08-15 23:06:44 INFO  Controller:62 - There was a class commands.CommandAddBet instance returned
2016-08-15 23:06:44 INFO  CommandAddBet:32 - The bet was made by Viacheslav
2016-08-15 23:06:44 INFO  Controller:75 - Redirected to /client.jsp
2016-08-15 23:06:51 INFO  Controller:62 - There was a class commands.CommandLogOut instance returned
2016-08-15 23:06:51 INFO  CommandLogOut:25 - Viacheslav`s session was interrupted
2016-08-15 23:06:51 INFO  Controller:79 - Forwarded to /login.jsp
2016-08-15 23:06:56 INFO  Controller:62 - There was a class commands.CommandLogin instance returned
2016-08-15 23:06:56 INFO  CommandLogin:28 - The user Bookmaker has been successfully authorized
2016-08-15 23:06:56 INFO  Controller:75 - Redirected to /bookmaker.jsp
2016-08-15 23:07:40 INFO  Controller:62 - There was a class commands.CommandSetMultiplier instance returned
2016-08-15 23:07:40 INFO  CommandSetMultiplier:33 - Multiplier was successfully set to 2 by Bookmaker
2016-08-15 23:07:40 INFO  Controller:75 - Redirected to /bookmaker.jsp
2016-08-15 23:08:02 INFO  Controller:62 - There was a class commands.CommandLogOut instance returned
2016-08-15 23:08:02 INFO  CommandLogOut:25 - Bookmaker`s session was interrupted
2016-08-15 23:08:02 INFO  Controller:79 - Forwarded to /login.jsp
2016-08-15 23:08:08 INFO  Controller:62 - There was a class commands.CommandLogin instance returned
2016-08-15 23:08:08 INFO  CommandLogin:28 - The user Victoria has been successfully authorized
2016-08-15 23:08:08 INFO  Controller:75 - Redirected to /admin.jsp
2016-08-15 23:08:16 INFO  Controller:62 - There was a class commands.CommandSetWinner instance returned
2016-08-15 23:08:16 INFO  Controller:75 - Redirected to /admin.jsp
2016-08-15 23:12:32 INFO  Controller:62 - There was a class commands.CommandLogin instance returned
2016-08-15 23:12:33 INFO  CommandLogin:28 - The user Viacheslav has been successfully authorized
2016-08-15 23:12:33 INFO  Controller:75 - Redirected to /client.jsp
2016-08-15 23:12:55 INFO  Controller:62 - There was a class commands.CommandLogOut instance returned
2016-08-15 23:12:55 INFO  CommandLogOut:25 - Viacheslav`s session was interrupted
2016-08-15 23:12:55 INFO  Controller:79 - Forwarded to /login.jsp
2016-08-15 23:13:04 INFO  Controller:62 - There was a class commands.CommandLogin instance returned
2016-08-15 23:13:04 INFO  CommandLogin:28 - The user Victoria has been successfully authorized
2016-08-15 23:13:04 INFO  Controller:75 - Redirected to /admin.jsp
2016-08-15 23:13:20 INFO  Controller:62 - There was a class commands.CommandLogin instance returned
2016-08-15 23:13:20 INFO  CommandLogin:28 - The user Victoria has been successfully authorized
2016-08-15 23:13:20 INFO  Controller:75 - Redirected to /admin.jsp
2016-08-15 23:17:03 INFO  Controller:62 - There was a class commands.CommandLogin instance returned
2016-08-15 23:17:03 INFO  CommandLogin:28 - The user Victoria has been successfully authorized
2016-08-15 23:17:03 INFO  Controller:75 - Redirected to /admin.jsp
2016-08-15 23:17:54 INFO  Controller:62 - There was a class commands.CommandLogOut instance returned
2016-08-15 23:17:54 INFO  CommandLogOut:25 - Victoria`s session was interrupted
2016-08-15 23:17:54 INFO  Controller:79 - Forwarded to /login.jsp
2016-08-15 23:17:59 INFO  Controller:62 - There was a class commands.CommandLogin instance returned
2016-08-15 23:17:59 INFO  CommandLogin:28 - The user Bookmaker has been successfully authorized
2016-08-15 23:17:59 INFO  Controller:75 - Redirected to /bookmaker.jsp
2016-08-15 23:18:05 INFO  Controller:62 - There was a class commands.CommandLogOut instance returned
2016-08-15 23:18:05 INFO  CommandLogOut:25 - Bookmaker`s session was interrupted
2016-08-15 23:18:05 INFO  Controller:79 - Forwarded to /login.jsp
2016-08-15 23:22:38 INFO  Controller:62 - There was a class commands.CommandLogin instance returned
2016-08-15 23:22:38 INFO  CommandLogin:28 - The user Viacheslav has been successfully authorized
2016-08-15 23:22:38 INFO  Controller:75 - Redirected to /client.jsp
2016-08-15 23:23:35 INFO  Controller:62 - There was a class commands.CommandLogOut instance returned
2016-08-15 23:23:35 INFO  CommandLogOut:25 - Viacheslav`s session was interrupted
2016-08-15 23:23:35 INFO  Controller:79 - Forwarded to /login.jsp
2016-08-15 23:24:23 INFO  Controller:62 - There was a class commands.CommandLogin instance returned
2016-08-15 23:24:23 INFO  CommandLogin:28 - The user Victoria has been successfully authorized
2016-08-15 23:24:23 INFO  Controller:75 - Redirected to /admin.jsp
2016-08-15 23:24:30 INFO  Controller:62 - There was a class commands.CommandLogOut instance returned
2016-08-15 23:24:30 INFO  CommandLogOut:25 - Victoria`s session was interrupted
2016-08-15 23:24:30 INFO  Controller:79 - Forwarded to /login.jsp
2016-08-15 23:24:35 INFO  Controller:62 - There was a class commands.CommandLogin instance returned
2016-08-15 23:24:35 INFO  CommandLogin:28 - The user Bookmaker has been successfully authorized
2016-08-15 23:24:35 INFO  Controller:75 - Redirected to /bookmaker.jsp
2016-08-15 23:25:58 INFO  Controller:62 - There was a class commands.CommandLogin instance returned
2016-08-15 23:25:58 INFO  CommandLogin:28 - The user Victoria has been successfully authorized as administrator
2016-08-15 23:25:58 INFO  Controller:75 - Redirected to /admin.jsp
2016-08-15 23:26:49 INFO  Controller:62 - There was a class commands.CommandLogOut instance returned
2016-08-15 23:26:49 INFO  CommandLogOut:25 - Victoria`s session was interrupted
2016-08-15 23:26:49 INFO  Controller:79 - Forwarded to /login.jsp
2016-08-15 23:26:56 INFO  Controller:62 - There was a class commands.CommandLogin instance returned
2016-08-15 23:26:56 INFO  CommandLogin:28 - The user Bookmaker has been successfully authorized as bookmaker
2016-08-15 23:26:56 INFO  Controller:75 - Redirected to /bookmaker.jsp
2016-08-15 23:27:24 INFO  Controller:62 - There was a class commands.CommandLogOut instance returned
2016-08-15 23:27:24 INFO  CommandLogOut:25 - Bookmaker`s session was interrupted
2016-08-15 23:27:24 INFO  Controller:79 - Forwarded to /login.jsp
2016-08-15 23:27:30 INFO  Controller:62 - There was a class commands.CommandLogin instance returned
2016-08-15 23:27:30 INFO  CommandLogin:28 - The user Victoria has been successfully authorized as administrator
2016-08-15 23:27:30 INFO  Controller:75 - Redirected to /admin.jsp
2016-08-15 23:28:55 INFO  Controller:62 - There was a class commands.CommandLogin instance returned
2016-08-15 23:28:56 INFO  CommandLogin:28 - The user Victoria has been successfully authorized as administrator
2016-08-15 23:28:56 INFO  Controller:75 - Redirected to /admin.jsp
2016-08-15 23:30:12 INFO  Controller:62 - There was a class commands.CommandLogin instance returned
2016-08-15 23:30:13 INFO  Controller:79 - Forwarded to /error.jsp
2016-08-15 23:30:19 INFO  Controller:62 - There was a class commands.CommandLogin instance returned
2016-08-15 23:30:19 INFO  CommandLogin:28 - The user Victoria has been successfully authorized as administrator
2016-08-15 23:30:19 INFO  Controller:75 - Redirected to /admin.jsp
2016-08-15 23:41:10 INFO  Controller:62 - There was a class commands.CommandLogin instance returned
2016-08-15 23:41:11 INFO  CommandLogin:28 - The user Victoria has been successfully authorized as administrator
2016-08-15 23:41:11 INFO  Controller:75 - Redirected to /admin.jsp
2016-08-15 23:42:38 INFO  Controller:62 - There was a class commands.CommandLogin instance returned
2016-08-15 23:42:39 INFO  CommandLogin:28 - The user Victoria has been successfully authorized as administrator
2016-08-15 23:42:39 INFO  Controller:75 - Redirected to /admin.jsp
2016-08-16 00:03:49 INFO  Controller:62 - There was a class commands.CommandLogin instance returned
2016-08-16 00:03:50 INFO  Controller:79 - Forwarded to /error.jsp
2016-08-16 00:03:56 INFO  Controller:62 - There was a class commands.CommandLogin instance returned
2016-08-16 00:03:56 INFO  CommandLogin:28 - The user Victoria has been successfully authorized as administrator
2016-08-16 00:03:56 INFO  Controller:75 - Redirected to /admin.jsp
2016-08-16 00:04:11 INFO  Controller:62 - There was a class commands.CommandLogin instance returned
2016-08-16 00:04:11 INFO  CommandLogin:28 - The user Victoria has been successfully authorized as administrator
2016-08-16 00:04:11 INFO  Controller:75 - Redirected to /admin.jsp
2016-08-16 00:04:59 INFO  Controller:62 - There was a class commands.CommandLogin instance returned
2016-08-16 00:04:59 INFO  CommandLogin:28 - The user Bookmaker has been successfully authorized as bookmaker
2016-08-16 00:04:59 INFO  Controller:75 - Redirected to /bookmaker.jsp
2016-08-16 00:06:29 INFO  Controller:62 - There was a class commands.CommandToRegistration instance returned
2016-08-16 00:06:29 INFO  Controller:75 - Redirected to /registration.jsp
2016-08-16 00:07:12 INFO  Controller:62 - There was a class commands.CommandLogin instance returned
2016-08-16 00:07:12 INFO  CommandLogin:28 - The user Victoria has been successfully authorized as administrator
2016-08-16 00:07:12 INFO  Controller:75 - Redirected to /admin.jsp
2016-08-16 00:07:22 INFO  Controller:62 - There was a class commands.CommandLogOut instance returned
2016-08-16 00:07:22 INFO  CommandLogOut:25 - Victoria`s session was interrupted
2016-08-16 00:07:22 INFO  Controller:79 - Forwarded to /login.jsp
2016-08-16 00:07:36 INFO  Controller:62 - There was a class commands.CommandLogin instance returned
2016-08-16 00:07:36 INFO  CommandLogin:28 - The user Victoria has been successfully authorized as administrator
2016-08-16 00:07:36 INFO  Controller:75 - Redirected to /admin.jsp
2016-08-16 00:07:46 INFO  Controller:62 - There was a class commands.CommandLogOut instance returned
2016-08-16 00:07:46 INFO  CommandLogOut:25 - Victoria`s session was interrupted
2016-08-16 00:07:46 INFO  Controller:79 - Forwarded to /login.jsp
